<?xml version="1.0" encoding="UTF-8"?>
<testsuite xmlns:xsi="http://www.w3.org/2001/XMLSchema-instance" xsi:noNamespaceSchemaLocation="https://maven.apache.org/surefire/maven-surefire-plugin/xsd/surefire-test-report-3.0.xsd" version="3.0" name="de.nebulit.todo.ModuleTest" time="0.876" tests="1" errors="1" skipped="0" failures="0">
  <properties>
    <property name="java.specification.version" value="19"/>
    <property name="sun.jnu.encoding" value="UTF-8"/>
    <property name="java.class.path" value="/Users/martindilger/development/git/sources/generator-spring-boot/ToDo/target/test-classes:/Users/martindilger/development/git/sources/generator-spring-boot/ToDo/target/classes:/Users/martindilger/.m2/repository/org/springframework/boot/spring-boot-starter-web/3.2.0/spring-boot-starter-web-3.2.0.jar:/Users/martindilger/.m2/repository/org/springframework/boot/spring-boot-starter/3.2.0/spring-boot-starter-3.2.0.jar:/Users/martindilger/.m2/repository/org/springframework/boot/spring-boot/3.2.0/spring-boot-3.2.0.jar:/Users/martindilger/.m2/repository/org/springframework/boot/spring-boot-starter-logging/3.2.0/spring-boot-starter-logging-3.2.0.jar:/Users/martindilger/.m2/repository/org/apache/logging/log4j/log4j-to-slf4j/2.21.1/log4j-to-slf4j-2.21.1.jar:/Users/martindilger/.m2/repository/org/apache/logging/log4j/log4j-api/2.21.1/log4j-api-2.21.1.jar:/Users/martindilger/.m2/repository/org/slf4j/jul-to-slf4j/2.0.9/jul-to-slf4j-2.0.9.jar:/Users/martindilger/.m2/repository/jakarta/annotation/jakarta.annotation-api/2.1.1/jakarta.annotation-api-2.1.1.jar:/Users/martindilger/.m2/repository/org/yaml/snakeyaml/2.2/snakeyaml-2.2.jar:/Users/martindilger/.m2/repository/org/springframework/boot/spring-boot-starter-json/3.2.0/spring-boot-starter-json-3.2.0.jar:/Users/martindilger/.m2/repository/com/fasterxml/jackson/datatype/jackson-datatype-jdk8/2.15.3/jackson-datatype-jdk8-2.15.3.jar:/Users/martindilger/.m2/repository/com/fasterxml/jackson/datatype/jackson-datatype-jsr310/2.15.3/jackson-datatype-jsr310-2.15.3.jar:/Users/martindilger/.m2/repository/com/fasterxml/jackson/module/jackson-module-parameter-names/2.15.3/jackson-module-parameter-names-2.15.3.jar:/Users/martindilger/.m2/repository/org/springframework/boot/spring-boot-starter-tomcat/3.2.0/spring-boot-starter-tomcat-3.2.0.jar:/Users/martindilger/.m2/repository/org/apache/tomcat/embed/tomcat-embed-core/10.1.16/tomcat-embed-core-10.1.16.jar:/Users/martindilger/.m2/repository/org/apache/tomcat/embed/tomcat-embed-el/10.1.16/tomcat-embed-el-10.1.16.jar:/Users/martindilger/.m2/repository/org/apache/tomcat/embed/tomcat-embed-websocket/10.1.16/tomcat-embed-websocket-10.1.16.jar:/Users/martindilger/.m2/repository/org/springframework/spring-web/6.1.1/spring-web-6.1.1.jar:/Users/martindilger/.m2/repository/org/springframework/spring-beans/6.1.1/spring-beans-6.1.1.jar:/Users/martindilger/.m2/repository/io/micrometer/micrometer-observation/1.12.0/micrometer-observation-1.12.0.jar:/Users/martindilger/.m2/repository/io/micrometer/micrometer-commons/1.12.0/micrometer-commons-1.12.0.jar:/Users/martindilger/.m2/repository/org/springframework/spring-webmvc/6.1.1/spring-webmvc-6.1.1.jar:/Users/martindilger/.m2/repository/org/springframework/spring-aop/6.1.1/spring-aop-6.1.1.jar:/Users/martindilger/.m2/repository/org/springframework/spring-expression/6.1.1/spring-expression-6.1.1.jar:/Users/martindilger/.m2/repository/org/springframework/boot/spring-boot-starter-data-jpa/3.2.0/spring-boot-starter-data-jpa-3.2.0.jar:/Users/martindilger/.m2/repository/org/springframework/boot/spring-boot-starter-aop/3.2.0/spring-boot-starter-aop-3.2.0.jar:/Users/martindilger/.m2/repository/org/aspectj/aspectjweaver/1.9.20.1/aspectjweaver-1.9.20.1.jar:/Users/martindilger/.m2/repository/org/springframework/boot/spring-boot-starter-jdbc/3.2.0/spring-boot-starter-jdbc-3.2.0.jar:/Users/martindilger/.m2/repository/com/zaxxer/HikariCP/5.0.1/HikariCP-5.0.1.jar:/Users/martindilger/.m2/repository/org/springframework/spring-jdbc/6.1.1/spring-jdbc-6.1.1.jar:/Users/martindilger/.m2/repository/org/hibernate/orm/hibernate-core/6.3.1.Final/hibernate-core-6.3.1.Final.jar:/Users/martindilger/.m2/repository/jakarta/persistence/jakarta.persistence-api/3.1.0/jakarta.persistence-api-3.1.0.jar:/Users/martindilger/.m2/repository/jakarta/transaction/jakarta.transaction-api/2.0.1/jakarta.transaction-api-2.0.1.jar:/Users/martindilger/.m2/repository/org/jboss/logging/jboss-logging/3.5.3.Final/jboss-logging-3.5.3.Final.jar:/Users/martindilger/.m2/repository/org/hibernate/common/hibernate-commons-annotations/6.0.6.Final/hibernate-commons-annotations-6.0.6.Final.jar:/Users/martindilger/.m2/repository/io/smallrye/jandex/3.1.2/jandex-3.1.2.jar:/Users/martindilger/.m2/repository/com/fasterxml/classmate/1.6.0/classmate-1.6.0.jar:/Users/martindilger/.m2/repository/org/glassfish/jaxb/jaxb-runtime/4.0.4/jaxb-runtime-4.0.4.jar:/Users/martindilger/.m2/repository/org/glassfish/jaxb/jaxb-core/4.0.4/jaxb-core-4.0.4.jar:/Users/martindilger/.m2/repository/org/eclipse/angus/angus-activation/2.0.1/angus-activation-2.0.1.jar:/Users/martindilger/.m2/repository/org/glassfish/jaxb/txw2/4.0.4/txw2-4.0.4.jar:/Users/martindilger/.m2/repository/com/sun/istack/istack-commons-runtime/4.1.2/istack-commons-runtime-4.1.2.jar:/Users/martindilger/.m2/repository/jakarta/inject/jakarta.inject-api/2.0.1/jakarta.inject-api-2.0.1.jar:/Users/martindilger/.m2/repository/org/antlr/antlr4-runtime/4.10.1/antlr4-runtime-4.10.1.jar:/Users/martindilger/.m2/repository/org/springframework/data/spring-data-jpa/3.2.0/spring-data-jpa-3.2.0.jar:/Users/martindilger/.m2/repository/org/springframework/data/spring-data-commons/3.2.0/spring-data-commons-3.2.0.jar:/Users/martindilger/.m2/repository/org/springframework/spring-orm/6.1.1/spring-orm-6.1.1.jar:/Users/martindilger/.m2/repository/org/springframework/spring-aspects/6.1.1/spring-aspects-6.1.1.jar:/Users/martindilger/.m2/repository/org/springframework/boot/spring-boot-starter-test/3.2.0/spring-boot-starter-test-3.2.0.jar:/Users/martindilger/.m2/repository/org/springframework/boot/spring-boot-test/3.2.0/spring-boot-test-3.2.0.jar:/Users/martindilger/.m2/repository/org/springframework/boot/spring-boot-test-autoconfigure/3.2.0/spring-boot-test-autoconfigure-3.2.0.jar:/Users/martindilger/.m2/repository/com/jayway/jsonpath/json-path/2.8.0/json-path-2.8.0.jar:/Users/martindilger/.m2/repository/jakarta/xml/bind/jakarta.xml.bind-api/4.0.1/jakarta.xml.bind-api-4.0.1.jar:/Users/martindilger/.m2/repository/jakarta/activation/jakarta.activation-api/2.1.2/jakarta.activation-api-2.1.2.jar:/Users/martindilger/.m2/repository/net/minidev/json-smart/2.5.0/json-smart-2.5.0.jar:/Users/martindilger/.m2/repository/net/minidev/accessors-smart/2.5.0/accessors-smart-2.5.0.jar:/Users/martindilger/.m2/repository/org/ow2/asm/asm/9.3/asm-9.3.jar:/Users/martindilger/.m2/repository/org/hamcrest/hamcrest/2.2/hamcrest-2.2.jar:/Users/martindilger/.m2/repository/org/junit/jupiter/junit-jupiter/5.10.1/junit-jupiter-5.10.1.jar:/Users/martindilger/.m2/repository/org/junit/jupiter/junit-jupiter-params/5.10.1/junit-jupiter-params-5.10.1.jar:/Users/martindilger/.m2/repository/org/junit/jupiter/junit-jupiter-engine/5.10.1/junit-jupiter-engine-5.10.1.jar:/Users/martindilger/.m2/repository/org/mockito/mockito-core/5.7.0/mockito-core-5.7.0.jar:/Users/martindilger/.m2/repository/net/bytebuddy/byte-buddy-agent/1.14.10/byte-buddy-agent-1.14.10.jar:/Users/martindilger/.m2/repository/org/objenesis/objenesis/3.3/objenesis-3.3.jar:/Users/martindilger/.m2/repository/org/mockito/mockito-junit-jupiter/5.7.0/mockito-junit-jupiter-5.7.0.jar:/Users/martindilger/.m2/repository/org/skyscreamer/jsonassert/1.5.1/jsonassert-1.5.1.jar:/Users/martindilger/.m2/repository/com/vaadin/external/google/android-json/0.0.20131108.vaadin1/android-json-0.0.20131108.vaadin1.jar:/Users/martindilger/.m2/repository/org/springframework/spring-core/6.1.1/spring-core-6.1.1.jar:/Users/martindilger/.m2/repository/org/springframework/spring-jcl/6.1.1/spring-jcl-6.1.1.jar:/Users/martindilger/.m2/repository/org/springframework/spring-test/6.1.1/spring-test-6.1.1.jar:/Users/martindilger/.m2/repository/org/xmlunit/xmlunit-core/2.9.1/xmlunit-core-2.9.1.jar:/Users/martindilger/.m2/repository/org/springframework/boot/spring-boot-testcontainers/3.2.0/spring-boot-testcontainers-3.2.0.jar:/Users/martindilger/.m2/repository/org/springframework/boot/spring-boot-autoconfigure/3.2.0/spring-boot-autoconfigure-3.2.0.jar:/Users/martindilger/.m2/repository/io/github/microutils/kotlin-logging-jvm/2.0.11/kotlin-logging-jvm-2.0.11.jar:/Users/martindilger/.m2/repository/org/slf4j/slf4j-api/2.0.9/slf4j-api-2.0.9.jar:/Users/martindilger/.m2/repository/org/jetbrains/kotlin/kotlin-stdlib-jdk8/1.9.20/kotlin-stdlib-jdk8-1.9.20.jar:/Users/martindilger/.m2/repository/org/jetbrains/kotlin/kotlin-stdlib-jdk7/1.9.20/kotlin-stdlib-jdk7-1.9.20.jar:/Users/martindilger/.m2/repository/org/jetbrains/kotlin/kotlin-stdlib-common/1.9.20/kotlin-stdlib-common-1.9.20.jar:/Users/martindilger/.m2/repository/org/jetbrains/kotlin/kotlin-reflect/1.9.20/kotlin-reflect-1.9.20.jar:/Users/martindilger/.m2/repository/org/jetbrains/kotlin/kotlin-stdlib/1.9.20/kotlin-stdlib-1.9.20.jar:/Users/martindilger/.m2/repository/org/jetbrains/annotations/13.0/annotations-13.0.jar:/Users/martindilger/.m2/repository/com/fasterxml/jackson/module/jackson-module-kotlin/2.15.3/jackson-module-kotlin-2.15.3.jar:/Users/martindilger/.m2/repository/com/fasterxml/jackson/core/jackson-databind/2.15.3/jackson-databind-2.15.3.jar:/Users/martindilger/.m2/repository/com/fasterxml/jackson/core/jackson-core/2.15.3/jackson-core-2.15.3.jar:/Users/martindilger/.m2/repository/com/fasterxml/jackson/core/jackson-annotations/2.15.3/jackson-annotations-2.15.3.jar:/Users/martindilger/.m2/repository/org/postgresql/postgresql/42.7.1/postgresql-42.7.1.jar:/Users/martindilger/.m2/repository/org/checkerframework/checker-qual/3.41.0/checker-qual-3.41.0.jar:/Users/martindilger/.m2/repository/com/thoughtworks/xstream/xstream/1.4.20/xstream-1.4.20.jar:/Users/martindilger/.m2/repository/io/github/x-stream/mxparser/1.2.2/mxparser-1.2.2.jar:/Users/martindilger/.m2/repository/xmlpull/xmlpull/1.1.3.1/xmlpull-1.1.3.1.jar:/Users/martindilger/.m2/repository/org/jeasy/easy-random-bean-validation/5.0.0/easy-random-bean-validation-5.0.0.jar:/Users/martindilger/.m2/repository/org/jeasy/easy-random-randomizers/5.0.0/easy-random-randomizers-5.0.0.jar:/Users/martindilger/.m2/repository/org/jeasy/easy-random-core/5.0.0/easy-random-core-5.0.0.jar:/Users/martindilger/.m2/repository/io/github/classgraph/classgraph/4.8.90/classgraph-4.8.90.jar:/Users/martindilger/.m2/repository/com/github/javafaker/javafaker/1.0.2/javafaker-1.0.2.jar:/Users/martindilger/.m2/repository/org/apache/commons/commons-lang3/3.13.0/commons-lang3-3.13.0.jar:/Users/martindilger/.m2/repository/org/yaml/snakeyaml/1.23/snakeyaml-1.23-android.jar:/Users/martindilger/.m2/repository/com/github/mifmif/generex/1.0.2/generex-1.0.2.jar:/Users/martindilger/.m2/repository/dk/brics/automaton/automaton/1.11-8/automaton-1.11-8.jar:/Users/martindilger/.m2/repository/javax/validation/validation-api/2.0.1.Final/validation-api-2.0.1.Final.jar:/Users/martindilger/.m2/repository/org/assertj/assertj-core/3.24.2/assertj-core-3.24.2.jar:/Users/martindilger/.m2/repository/net/bytebuddy/byte-buddy/1.14.10/byte-buddy-1.14.10.jar:/Users/martindilger/.m2/repository/org/springframework/modulith/spring-modulith-starter-jpa/1.1.2/spring-modulith-starter-jpa-1.1.2.jar:/Users/martindilger/.m2/repository/org/springframework/modulith/spring-modulith-events-core/1.1.2/spring-modulith-events-core-1.1.2.jar:/Users/martindilger/.m2/repository/org/slf4j/jcl-over-slf4j/2.0.9/jcl-over-slf4j-2.0.9.jar:/Users/martindilger/.m2/repository/org/springframework/modulith/spring-modulith-events-jackson/1.1.2/spring-modulith-events-jackson-1.1.2.jar:/Users/martindilger/.m2/repository/org/springframework/modulith/spring-modulith-events-jpa/1.1.2/spring-modulith-events-jpa-1.1.2.jar:/Users/martindilger/.m2/repository/org/springframework/modulith/spring-modulith-starter-core/1.1.2/spring-modulith-starter-core-1.1.2.jar:/Users/martindilger/.m2/repository/org/springframework/modulith/spring-modulith-api/1.1.2/spring-modulith-api-1.1.2.jar:/Users/martindilger/.m2/repository/org/springframework/modulith/spring-modulith-moments/1.1.2/spring-modulith-moments-1.1.2.jar:/Users/martindilger/.m2/repository/org/jmolecules/jmolecules-events/1.9.0/jmolecules-events-1.9.0.jar:/Users/martindilger/.m2/repository/org/springframework/modulith/spring-modulith-core/1.1.2/spring-modulith-core-1.1.2.jar:/Users/martindilger/.m2/repository/com/tngtech/archunit/archunit/1.1.0/archunit-1.1.0.jar:/Users/martindilger/.m2/repository/org/springframework/modulith/spring-modulith-events-api/1.1.2/spring-modulith-events-api-1.1.2.jar:/Users/martindilger/.m2/repository/org/springframework/spring-context/6.1.1/spring-context-6.1.1.jar:/Users/martindilger/.m2/repository/org/springframework/spring-tx/6.1.1/spring-tx-6.1.1.jar:/Users/martindilger/.m2/repository/org/springframework/modulith/spring-modulith-starter-test/1.1.2/spring-modulith-starter-test-1.1.2.jar:/Users/martindilger/.m2/repository/org/springframework/modulith/spring-modulith-test/1.1.2/spring-modulith-test-1.1.2.jar:/Users/martindilger/.m2/repository/org/springframework/modulith/spring-modulith-docs/1.1.2/spring-modulith-docs-1.1.2.jar:/Users/martindilger/.m2/repository/com/structurizr/structurizr-core/1.18.0/structurizr-core-1.18.0.jar:/Users/martindilger/.m2/repository/commons-logging/commons-logging/1.2/commons-logging-1.2.jar:/Users/martindilger/.m2/repository/com/structurizr/structurizr-plantuml/1.6.3/structurizr-plantuml-1.6.3.jar:/Users/martindilger/.m2/repository/com/structurizr/structurizr-export/1.8.3/structurizr-export-1.8.3.jar:/Users/martindilger/.m2/repository/org/flywaydb/flyway-core/9.22.3/flyway-core-9.22.3.jar:/Users/martindilger/.m2/repository/com/fasterxml/jackson/dataformat/jackson-dataformat-toml/2.15.3/jackson-dataformat-toml-2.15.3.jar:/Users/martindilger/.m2/repository/com/google/code/gson/gson/2.10.1/gson-2.10.1.jar:/Users/martindilger/.m2/repository/org/awaitility/awaitility/4.2.0/awaitility-4.2.0.jar:/Users/martindilger/.m2/repository/org/testcontainers/testcontainers/1.19.3/testcontainers-1.19.3.jar:/Users/martindilger/.m2/repository/junit/junit/4.13.2/junit-4.13.2.jar:/Users/martindilger/.m2/repository/org/hamcrest/hamcrest-core/2.2/hamcrest-core-2.2.jar:/Users/martindilger/.m2/repository/org/apache/commons/commons-compress/1.24.0/commons-compress-1.24.0.jar:/Users/martindilger/.m2/repository/org/rnorth/duct-tape/duct-tape/1.0.8/duct-tape-1.0.8.jar:/Users/martindilger/.m2/repository/com/github/docker-java/docker-java-api/3.3.4/docker-java-api-3.3.4.jar:/Users/martindilger/.m2/repository/com/github/docker-java/docker-java-transport-zerodep/3.3.4/docker-java-transport-zerodep-3.3.4.jar:/Users/martindilger/.m2/repository/com/github/docker-java/docker-java-transport/3.3.4/docker-java-transport-3.3.4.jar:/Users/martindilger/.m2/repository/net/java/dev/jna/jna/5.13.0/jna-5.13.0.jar:/Users/martindilger/.m2/repository/org/testcontainers/postgresql/1.19.3/postgresql-1.19.3.jar:/Users/martindilger/.m2/repository/org/testcontainers/jdbc/1.19.3/jdbc-1.19.3.jar:/Users/martindilger/.m2/repository/org/testcontainers/database-commons/1.19.3/database-commons-1.19.3.jar:/Users/martindilger/.m2/repository/org/testcontainers/junit-jupiter/1.19.3/junit-jupiter-1.19.3.jar:/Users/martindilger/.m2/repository/org/testcontainers/kafka/1.19.3/kafka-1.19.3.jar:/Users/martindilger/.m2/repository/org/springframework/kafka/spring-kafka-test/3.1.0/spring-kafka-test-3.1.0.jar:/Users/martindilger/.m2/repository/org/springframework/retry/spring-retry/2.0.4/spring-retry-2.0.4.jar:/Users/martindilger/.m2/repository/org/apache/zookeeper/zookeeper/3.8.3/zookeeper-3.8.3.jar:/Users/martindilger/.m2/repository/org/apache/zookeeper/zookeeper-jute/3.8.3/zookeeper-jute-3.8.3.jar:/Users/martindilger/.m2/repository/org/apache/yetus/audience-annotations/0.12.0/audience-annotations-0.12.0.jar:/Users/martindilger/.m2/repository/io/netty/netty-handler/4.1.101.Final/netty-handler-4.1.101.Final.jar:/Users/martindilger/.m2/repository/io/netty/netty-common/4.1.101.Final/netty-common-4.1.101.Final.jar:/Users/martindilger/.m2/repository/io/netty/netty-resolver/4.1.101.Final/netty-resolver-4.1.101.Final.jar:/Users/martindilger/.m2/repository/io/netty/netty-buffer/4.1.101.Final/netty-buffer-4.1.101.Final.jar:/Users/martindilger/.m2/repository/io/netty/netty-transport/4.1.101.Final/netty-transport-4.1.101.Final.jar:/Users/martindilger/.m2/repository/io/netty/netty-transport-native-unix-common/4.1.101.Final/netty-transport-native-unix-common-4.1.101.Final.jar:/Users/martindilger/.m2/repository/io/netty/netty-codec/4.1.101.Final/netty-codec-4.1.101.Final.jar:/Users/martindilger/.m2/repository/io/netty/netty-transport-native-epoll/4.1.101.Final/netty-transport-native-epoll-4.1.101.Final.jar:/Users/martindilger/.m2/repository/io/netty/netty-transport-classes-epoll/4.1.101.Final/netty-transport-classes-epoll-4.1.101.Final.jar:/Users/martindilger/.m2/repository/ch/qos/logback/logback-core/1.4.11/logback-core-1.4.11.jar:/Users/martindilger/.m2/repository/ch/qos/logback/logback-classic/1.4.11/logback-classic-1.4.11.jar:/Users/martindilger/.m2/repository/commons-io/commons-io/2.11.0/commons-io-2.11.0.jar:/Users/martindilger/.m2/repository/org/apache/kafka/kafka-clients/3.6.0/kafka-clients-3.6.0-test.jar:/Users/martindilger/.m2/repository/com/github/luben/zstd-jni/1.5.5-1/zstd-jni-1.5.5-1.jar:/Users/martindilger/.m2/repository/org/lz4/lz4-java/1.8.0/lz4-java-1.8.0.jar:/Users/martindilger/.m2/repository/org/xerial/snappy/snappy-java/1.1.10.4/snappy-java-1.1.10.4.jar:/Users/martindilger/.m2/repository/org/apache/kafka/kafka-metadata/3.6.0/kafka-metadata-3.6.0.jar:/Users/martindilger/.m2/repository/org/apache/kafka/kafka-clients/3.6.0/kafka-clients-3.6.0.jar:/Users/martindilger/.m2/repository/org/apache/kafka/kafka-raft/3.6.0/kafka-raft-3.6.0.jar:/Users/martindilger/.m2/repository/com/yammer/metrics/metrics-core/2.2.0/metrics-core-2.2.0.jar:/Users/martindilger/.m2/repository/org/apache/kafka/kafka-server-common/3.6.0/kafka-server-common-3.6.0.jar:/Users/martindilger/.m2/repository/net/sf/jopt-simple/jopt-simple/5.0.4/jopt-simple-5.0.4.jar:/Users/martindilger/.m2/repository/org/pcollections/pcollections/4.0.1/pcollections-4.0.1.jar:/Users/martindilger/.m2/repository/org/apache/kafka/kafka-server-common/3.6.0/kafka-server-common-3.6.0-test.jar:/Users/martindilger/.m2/repository/org/apache/kafka/kafka-streams-test-utils/3.6.0/kafka-streams-test-utils-3.6.0.jar:/Users/martindilger/.m2/repository/org/apache/kafka/kafka-streams/3.6.0/kafka-streams-3.6.0.jar:/Users/martindilger/.m2/repository/org/rocksdb/rocksdbjni/7.9.2/rocksdbjni-7.9.2.jar:/Users/martindilger/.m2/repository/org/apache/kafka/kafka_2.13/3.6.0/kafka_2.13-3.6.0.jar:/Users/martindilger/.m2/repository/org/scala-lang/scala-library/2.13.11/scala-library-2.13.11.jar:/Users/martindilger/.m2/repository/org/apache/kafka/kafka-group-coordinator/3.6.0/kafka-group-coordinator-3.6.0.jar:/Users/martindilger/.m2/repository/org/apache/kafka/kafka-storage-api/3.6.0/kafka-storage-api-3.6.0.jar:/Users/martindilger/.m2/repository/org/apache/kafka/kafka-tools-api/3.6.0/kafka-tools-api-3.6.0.jar:/Users/martindilger/.m2/repository/org/apache/kafka/kafka-storage/3.6.0/kafka-storage-3.6.0.jar:/Users/martindilger/.m2/repository/com/github/ben-manes/caffeine/caffeine/3.1.8/caffeine-3.1.8.jar:/Users/martindilger/.m2/repository/com/google/errorprone/error_prone_annotations/2.21.1/error_prone_annotations-2.21.1.jar:/Users/martindilger/.m2/repository/net/sourceforge/argparse4j/argparse4j/0.7.0/argparse4j-0.7.0.jar:/Users/martindilger/.m2/repository/commons-validator/commons-validator/1.7/commons-validator-1.7.jar:/Users/martindilger/.m2/repository/commons-beanutils/commons-beanutils/1.9.4/commons-beanutils-1.9.4.jar:/Users/martindilger/.m2/repository/commons-digester/commons-digester/2.1/commons-digester-2.1.jar:/Users/martindilger/.m2/repository/commons-collections/commons-collections/3.2.2/commons-collections-3.2.2.jar:/Users/martindilger/.m2/repository/com/fasterxml/jackson/module/jackson-module-scala_2.13/2.15.3/jackson-module-scala_2.13-2.15.3.jar:/Users/martindilger/.m2/repository/com/thoughtworks/paranamer/paranamer/2.8/paranamer-2.8.jar:/Users/martindilger/.m2/repository/com/fasterxml/jackson/dataformat/jackson-dataformat-csv/2.15.3/jackson-dataformat-csv-2.15.3.jar:/Users/martindilger/.m2/repository/org/bitbucket/b_c/jose4j/0.9.3/jose4j-0.9.3.jar:/Users/martindilger/.m2/repository/org/scala-lang/modules/scala-collection-compat_2.13/2.10.0/scala-collection-compat_2.13-2.10.0.jar:/Users/martindilger/.m2/repository/org/scala-lang/modules/scala-java8-compat_2.13/1.0.2/scala-java8-compat_2.13-1.0.2.jar:/Users/martindilger/.m2/repository/org/scala-lang/scala-reflect/2.13.11/scala-reflect-2.13.11.jar:/Users/martindilger/.m2/repository/com/typesafe/scala-logging/scala-logging_2.13/3.9.4/scala-logging_2.13-3.9.4.jar:/Users/martindilger/.m2/repository/io/dropwizard/metrics/metrics-core/4.2.22/metrics-core-4.2.22.jar:/Users/martindilger/.m2/repository/commons-cli/commons-cli/1.4/commons-cli-1.4.jar:/Users/martindilger/.m2/repository/org/apache/kafka/kafka_2.13/3.6.0/kafka_2.13-3.6.0-test.jar:/Users/martindilger/.m2/repository/org/junit/jupiter/junit-jupiter-api/5.10.1/junit-jupiter-api-5.10.1.jar:/Users/martindilger/.m2/repository/org/opentest4j/opentest4j/1.3.0/opentest4j-1.3.0.jar:/Users/martindilger/.m2/repository/org/junit/platform/junit-platform-commons/1.10.1/junit-platform-commons-1.10.1.jar:/Users/martindilger/.m2/repository/org/apiguardian/apiguardian-api/1.1.2/apiguardian-api-1.1.2.jar:/Users/martindilger/.m2/repository/org/junit/platform/junit-platform-launcher/1.10.1/junit-platform-launcher-1.10.1.jar:/Users/martindilger/.m2/repository/org/junit/platform/junit-platform-engine/1.10.1/junit-platform-engine-1.10.1.jar:/Users/martindilger/.m2/repository/com/google/code/findbugs/jsr305/3.0.2/jsr305-3.0.2.jar:/Users/martindilger/.m2/repository/io/mockk/mockk/1.13.5/mockk-1.13.5.jar:/Users/martindilger/.m2/repository/io/mockk/mockk-dsl/1.13.5/mockk-dsl-1.13.5.jar:/Users/martindilger/.m2/repository/io/mockk/mockk-agent/1.13.5/mockk-agent-1.13.5.jar:/Users/martindilger/.m2/repository/io/mockk/mockk-agent-api/1.13.5/mockk-agent-api-1.13.5.jar:/Users/martindilger/.m2/repository/io/mockk/mockk-core/1.13.5/mockk-core-1.13.5.jar:/Users/martindilger/.m2/repository/com/ninja-squad/springmockk/4.0.2/springmockk-4.0.2.jar:/Users/martindilger/.m2/repository/io/mockk/mockk-jvm/1.13.3/mockk-jvm-1.13.3.jar:/Users/martindilger/.m2/repository/io/mockk/mockk-dsl-jvm/1.13.3/mockk-dsl-jvm-1.13.3.jar:/Users/martindilger/.m2/repository/io/mockk/mockk-agent-jvm/1.13.3/mockk-agent-jvm-1.13.3.jar:/Users/martindilger/.m2/repository/io/mockk/mockk-agent-api-jvm/1.13.3/mockk-agent-api-jvm-1.13.3.jar:/Users/martindilger/.m2/repository/io/mockk/mockk-core-jvm/1.13.3/mockk-core-jvm-1.13.3.jar:/Users/martindilger/.m2/repository/org/jetbrains/kotlinx/kotlinx-coroutines-core/1.7.3/kotlinx-coroutines-core-1.7.3.jar:/Users/martindilger/.m2/repository/org/jetbrains/kotlinx/kotlinx-coroutines-core-jvm/1.7.3/kotlinx-coroutines-core-jvm-1.7.3.jar:"/>
    <property name="java.vm.vendor" value="Oracle Corporation"/>
    <property name="sun.arch.data.model" value="64"/>
    <property name="java.vendor.url" value="https://java.oracle.com/"/>
    <property name="user.timezone" value="Europe/Berlin"/>
    <property name="os.name" value="Mac OS X"/>
    <property name="java.vm.specification.version" value="19"/>
    <property name="sun.java.launcher" value="SUN_STANDARD"/>
    <property name="user.country" value="DE"/>
    <property name="sun.boot.library.path" value="/Users/martindilger/Library/Java/JavaVirtualMachines/openjdk-19.0.2/Contents/Home/lib"/>
    <property name="sun.java.command" value="/Users/martindilger/development/git/sources/generator-spring-boot/ToDo/target/surefire/surefirebooter-20240308075917669_3.jar /Users/martindilger/development/git/sources/generator-spring-boot/ToDo/target/surefire 2024-03-08T07-59-17_631-jvmRun1 surefire-20240308075917669_1tmp surefire_0-20240308075917669_2tmp"/>
    <property name="http.nonProxyHosts" value="local|*.local|169.254/16|*.169.254/16"/>
    <property name="jdk.debug" value="release"/>
    <property name="surefire.test.class.path" value="/Users/martindilger/development/git/sources/generator-spring-boot/ToDo/target/test-classes:/Users/martindilger/development/git/sources/generator-spring-boot/ToDo/target/classes:/Users/martindilger/.m2/repository/org/springframework/boot/spring-boot-starter-web/3.2.0/spring-boot-starter-web-3.2.0.jar:/Users/martindilger/.m2/repository/org/springframework/boot/spring-boot-starter/3.2.0/spring-boot-starter-3.2.0.jar:/Users/martindilger/.m2/repository/org/springframework/boot/spring-boot/3.2.0/spring-boot-3.2.0.jar:/Users/martindilger/.m2/repository/org/springframework/boot/spring-boot-starter-logging/3.2.0/spring-boot-starter-logging-3.2.0.jar:/Users/martindilger/.m2/repository/org/apache/logging/log4j/log4j-to-slf4j/2.21.1/log4j-to-slf4j-2.21.1.jar:/Users/martindilger/.m2/repository/org/apache/logging/log4j/log4j-api/2.21.1/log4j-api-2.21.1.jar:/Users/martindilger/.m2/repository/org/slf4j/jul-to-slf4j/2.0.9/jul-to-slf4j-2.0.9.jar:/Users/martindilger/.m2/repository/jakarta/annotation/jakarta.annotation-api/2.1.1/jakarta.annotation-api-2.1.1.jar:/Users/martindilger/.m2/repository/org/yaml/snakeyaml/2.2/snakeyaml-2.2.jar:/Users/martindilger/.m2/repository/org/springframework/boot/spring-boot-starter-json/3.2.0/spring-boot-starter-json-3.2.0.jar:/Users/martindilger/.m2/repository/com/fasterxml/jackson/datatype/jackson-datatype-jdk8/2.15.3/jackson-datatype-jdk8-2.15.3.jar:/Users/martindilger/.m2/repository/com/fasterxml/jackson/datatype/jackson-datatype-jsr310/2.15.3/jackson-datatype-jsr310-2.15.3.jar:/Users/martindilger/.m2/repository/com/fasterxml/jackson/module/jackson-module-parameter-names/2.15.3/jackson-module-parameter-names-2.15.3.jar:/Users/martindilger/.m2/repository/org/springframework/boot/spring-boot-starter-tomcat/3.2.0/spring-boot-starter-tomcat-3.2.0.jar:/Users/martindilger/.m2/repository/org/apache/tomcat/embed/tomcat-embed-core/10.1.16/tomcat-embed-core-10.1.16.jar:/Users/martindilger/.m2/repository/org/apache/tomcat/embed/tomcat-embed-el/10.1.16/tomcat-embed-el-10.1.16.jar:/Users/martindilger/.m2/repository/org/apache/tomcat/embed/tomcat-embed-websocket/10.1.16/tomcat-embed-websocket-10.1.16.jar:/Users/martindilger/.m2/repository/org/springframework/spring-web/6.1.1/spring-web-6.1.1.jar:/Users/martindilger/.m2/repository/org/springframework/spring-beans/6.1.1/spring-beans-6.1.1.jar:/Users/martindilger/.m2/repository/io/micrometer/micrometer-observation/1.12.0/micrometer-observation-1.12.0.jar:/Users/martindilger/.m2/repository/io/micrometer/micrometer-commons/1.12.0/micrometer-commons-1.12.0.jar:/Users/martindilger/.m2/repository/org/springframework/spring-webmvc/6.1.1/spring-webmvc-6.1.1.jar:/Users/martindilger/.m2/repository/org/springframework/spring-aop/6.1.1/spring-aop-6.1.1.jar:/Users/martindilger/.m2/repository/org/springframework/spring-expression/6.1.1/spring-expression-6.1.1.jar:/Users/martindilger/.m2/repository/org/springframework/boot/spring-boot-starter-data-jpa/3.2.0/spring-boot-starter-data-jpa-3.2.0.jar:/Users/martindilger/.m2/repository/org/springframework/boot/spring-boot-starter-aop/3.2.0/spring-boot-starter-aop-3.2.0.jar:/Users/martindilger/.m2/repository/org/aspectj/aspectjweaver/1.9.20.1/aspectjweaver-1.9.20.1.jar:/Users/martindilger/.m2/repository/org/springframework/boot/spring-boot-starter-jdbc/3.2.0/spring-boot-starter-jdbc-3.2.0.jar:/Users/martindilger/.m2/repository/com/zaxxer/HikariCP/5.0.1/HikariCP-5.0.1.jar:/Users/martindilger/.m2/repository/org/springframework/spring-jdbc/6.1.1/spring-jdbc-6.1.1.jar:/Users/martindilger/.m2/repository/org/hibernate/orm/hibernate-core/6.3.1.Final/hibernate-core-6.3.1.Final.jar:/Users/martindilger/.m2/repository/jakarta/persistence/jakarta.persistence-api/3.1.0/jakarta.persistence-api-3.1.0.jar:/Users/martindilger/.m2/repository/jakarta/transaction/jakarta.transaction-api/2.0.1/jakarta.transaction-api-2.0.1.jar:/Users/martindilger/.m2/repository/org/jboss/logging/jboss-logging/3.5.3.Final/jboss-logging-3.5.3.Final.jar:/Users/martindilger/.m2/repository/org/hibernate/common/hibernate-commons-annotations/6.0.6.Final/hibernate-commons-annotations-6.0.6.Final.jar:/Users/martindilger/.m2/repository/io/smallrye/jandex/3.1.2/jandex-3.1.2.jar:/Users/martindilger/.m2/repository/com/fasterxml/classmate/1.6.0/classmate-1.6.0.jar:/Users/martindilger/.m2/repository/org/glassfish/jaxb/jaxb-runtime/4.0.4/jaxb-runtime-4.0.4.jar:/Users/martindilger/.m2/repository/org/glassfish/jaxb/jaxb-core/4.0.4/jaxb-core-4.0.4.jar:/Users/martindilger/.m2/repository/org/eclipse/angus/angus-activation/2.0.1/angus-activation-2.0.1.jar:/Users/martindilger/.m2/repository/org/glassfish/jaxb/txw2/4.0.4/txw2-4.0.4.jar:/Users/martindilger/.m2/repository/com/sun/istack/istack-commons-runtime/4.1.2/istack-commons-runtime-4.1.2.jar:/Users/martindilger/.m2/repository/jakarta/inject/jakarta.inject-api/2.0.1/jakarta.inject-api-2.0.1.jar:/Users/martindilger/.m2/repository/org/antlr/antlr4-runtime/4.10.1/antlr4-runtime-4.10.1.jar:/Users/martindilger/.m2/repository/org/springframework/data/spring-data-jpa/3.2.0/spring-data-jpa-3.2.0.jar:/Users/martindilger/.m2/repository/org/springframework/data/spring-data-commons/3.2.0/spring-data-commons-3.2.0.jar:/Users/martindilger/.m2/repository/org/springframework/spring-orm/6.1.1/spring-orm-6.1.1.jar:/Users/martindilger/.m2/repository/org/springframework/spring-aspects/6.1.1/spring-aspects-6.1.1.jar:/Users/martindilger/.m2/repository/org/springframework/boot/spring-boot-starter-test/3.2.0/spring-boot-starter-test-3.2.0.jar:/Users/martindilger/.m2/repository/org/springframework/boot/spring-boot-test/3.2.0/spring-boot-test-3.2.0.jar:/Users/martindilger/.m2/repository/org/springframework/boot/spring-boot-test-autoconfigure/3.2.0/spring-boot-test-autoconfigure-3.2.0.jar:/Users/martindilger/.m2/repository/com/jayway/jsonpath/json-path/2.8.0/json-path-2.8.0.jar:/Users/martindilger/.m2/repository/jakarta/xml/bind/jakarta.xml.bind-api/4.0.1/jakarta.xml.bind-api-4.0.1.jar:/Users/martindilger/.m2/repository/jakarta/activation/jakarta.activation-api/2.1.2/jakarta.activation-api-2.1.2.jar:/Users/martindilger/.m2/repository/net/minidev/json-smart/2.5.0/json-smart-2.5.0.jar:/Users/martindilger/.m2/repository/net/minidev/accessors-smart/2.5.0/accessors-smart-2.5.0.jar:/Users/martindilger/.m2/repository/org/ow2/asm/asm/9.3/asm-9.3.jar:/Users/martindilger/.m2/repository/org/hamcrest/hamcrest/2.2/hamcrest-2.2.jar:/Users/martindilger/.m2/repository/org/junit/jupiter/junit-jupiter/5.10.1/junit-jupiter-5.10.1.jar:/Users/martindilger/.m2/repository/org/junit/jupiter/junit-jupiter-params/5.10.1/junit-jupiter-params-5.10.1.jar:/Users/martindilger/.m2/repository/org/junit/jupiter/junit-jupiter-engine/5.10.1/junit-jupiter-engine-5.10.1.jar:/Users/martindilger/.m2/repository/org/mockito/mockito-core/5.7.0/mockito-core-5.7.0.jar:/Users/martindilger/.m2/repository/net/bytebuddy/byte-buddy-agent/1.14.10/byte-buddy-agent-1.14.10.jar:/Users/martindilger/.m2/repository/org/objenesis/objenesis/3.3/objenesis-3.3.jar:/Users/martindilger/.m2/repository/org/mockito/mockito-junit-jupiter/5.7.0/mockito-junit-jupiter-5.7.0.jar:/Users/martindilger/.m2/repository/org/skyscreamer/jsonassert/1.5.1/jsonassert-1.5.1.jar:/Users/martindilger/.m2/repository/com/vaadin/external/google/android-json/0.0.20131108.vaadin1/android-json-0.0.20131108.vaadin1.jar:/Users/martindilger/.m2/repository/org/springframework/spring-core/6.1.1/spring-core-6.1.1.jar:/Users/martindilger/.m2/repository/org/springframework/spring-jcl/6.1.1/spring-jcl-6.1.1.jar:/Users/martindilger/.m2/repository/org/springframework/spring-test/6.1.1/spring-test-6.1.1.jar:/Users/martindilger/.m2/repository/org/xmlunit/xmlunit-core/2.9.1/xmlunit-core-2.9.1.jar:/Users/martindilger/.m2/repository/org/springframework/boot/spring-boot-testcontainers/3.2.0/spring-boot-testcontainers-3.2.0.jar:/Users/martindilger/.m2/repository/org/springframework/boot/spring-boot-autoconfigure/3.2.0/spring-boot-autoconfigure-3.2.0.jar:/Users/martindilger/.m2/repository/io/github/microutils/kotlin-logging-jvm/2.0.11/kotlin-logging-jvm-2.0.11.jar:/Users/martindilger/.m2/repository/org/slf4j/slf4j-api/2.0.9/slf4j-api-2.0.9.jar:/Users/martindilger/.m2/repository/org/jetbrains/kotlin/kotlin-stdlib-jdk8/1.9.20/kotlin-stdlib-jdk8-1.9.20.jar:/Users/martindilger/.m2/repository/org/jetbrains/kotlin/kotlin-stdlib-jdk7/1.9.20/kotlin-stdlib-jdk7-1.9.20.jar:/Users/martindilger/.m2/repository/org/jetbrains/kotlin/kotlin-stdlib-common/1.9.20/kotlin-stdlib-common-1.9.20.jar:/Users/martindilger/.m2/repository/org/jetbrains/kotlin/kotlin-reflect/1.9.20/kotlin-reflect-1.9.20.jar:/Users/martindilger/.m2/repository/org/jetbrains/kotlin/kotlin-stdlib/1.9.20/kotlin-stdlib-1.9.20.jar:/Users/martindilger/.m2/repository/org/jetbrains/annotations/13.0/annotations-13.0.jar:/Users/martindilger/.m2/repository/com/fasterxml/jackson/module/jackson-module-kotlin/2.15.3/jackson-module-kotlin-2.15.3.jar:/Users/martindilger/.m2/repository/com/fasterxml/jackson/core/jackson-databind/2.15.3/jackson-databind-2.15.3.jar:/Users/martindilger/.m2/repository/com/fasterxml/jackson/core/jackson-core/2.15.3/jackson-core-2.15.3.jar:/Users/martindilger/.m2/repository/com/fasterxml/jackson/core/jackson-annotations/2.15.3/jackson-annotations-2.15.3.jar:/Users/martindilger/.m2/repository/org/postgresql/postgresql/42.7.1/postgresql-42.7.1.jar:/Users/martindilger/.m2/repository/org/checkerframework/checker-qual/3.41.0/checker-qual-3.41.0.jar:/Users/martindilger/.m2/repository/com/thoughtworks/xstream/xstream/1.4.20/xstream-1.4.20.jar:/Users/martindilger/.m2/repository/io/github/x-stream/mxparser/1.2.2/mxparser-1.2.2.jar:/Users/martindilger/.m2/repository/xmlpull/xmlpull/1.1.3.1/xmlpull-1.1.3.1.jar:/Users/martindilger/.m2/repository/org/jeasy/easy-random-bean-validation/5.0.0/easy-random-bean-validation-5.0.0.jar:/Users/martindilger/.m2/repository/org/jeasy/easy-random-randomizers/5.0.0/easy-random-randomizers-5.0.0.jar:/Users/martindilger/.m2/repository/org/jeasy/easy-random-core/5.0.0/easy-random-core-5.0.0.jar:/Users/martindilger/.m2/repository/io/github/classgraph/classgraph/4.8.90/classgraph-4.8.90.jar:/Users/martindilger/.m2/repository/com/github/javafaker/javafaker/1.0.2/javafaker-1.0.2.jar:/Users/martindilger/.m2/repository/org/apache/commons/commons-lang3/3.13.0/commons-lang3-3.13.0.jar:/Users/martindilger/.m2/repository/org/yaml/snakeyaml/1.23/snakeyaml-1.23-android.jar:/Users/martindilger/.m2/repository/com/github/mifmif/generex/1.0.2/generex-1.0.2.jar:/Users/martindilger/.m2/repository/dk/brics/automaton/automaton/1.11-8/automaton-1.11-8.jar:/Users/martindilger/.m2/repository/javax/validation/validation-api/2.0.1.Final/validation-api-2.0.1.Final.jar:/Users/martindilger/.m2/repository/org/assertj/assertj-core/3.24.2/assertj-core-3.24.2.jar:/Users/martindilger/.m2/repository/net/bytebuddy/byte-buddy/1.14.10/byte-buddy-1.14.10.jar:/Users/martindilger/.m2/repository/org/springframework/modulith/spring-modulith-starter-jpa/1.1.2/spring-modulith-starter-jpa-1.1.2.jar:/Users/martindilger/.m2/repository/org/springframework/modulith/spring-modulith-events-core/1.1.2/spring-modulith-events-core-1.1.2.jar:/Users/martindilger/.m2/repository/org/slf4j/jcl-over-slf4j/2.0.9/jcl-over-slf4j-2.0.9.jar:/Users/martindilger/.m2/repository/org/springframework/modulith/spring-modulith-events-jackson/1.1.2/spring-modulith-events-jackson-1.1.2.jar:/Users/martindilger/.m2/repository/org/springframework/modulith/spring-modulith-events-jpa/1.1.2/spring-modulith-events-jpa-1.1.2.jar:/Users/martindilger/.m2/repository/org/springframework/modulith/spring-modulith-starter-core/1.1.2/spring-modulith-starter-core-1.1.2.jar:/Users/martindilger/.m2/repository/org/springframework/modulith/spring-modulith-api/1.1.2/spring-modulith-api-1.1.2.jar:/Users/martindilger/.m2/repository/org/springframework/modulith/spring-modulith-moments/1.1.2/spring-modulith-moments-1.1.2.jar:/Users/martindilger/.m2/repository/org/jmolecules/jmolecules-events/1.9.0/jmolecules-events-1.9.0.jar:/Users/martindilger/.m2/repository/org/springframework/modulith/spring-modulith-core/1.1.2/spring-modulith-core-1.1.2.jar:/Users/martindilger/.m2/repository/com/tngtech/archunit/archunit/1.1.0/archunit-1.1.0.jar:/Users/martindilger/.m2/repository/org/springframework/modulith/spring-modulith-events-api/1.1.2/spring-modulith-events-api-1.1.2.jar:/Users/martindilger/.m2/repository/org/springframework/spring-context/6.1.1/spring-context-6.1.1.jar:/Users/martindilger/.m2/repository/org/springframework/spring-tx/6.1.1/spring-tx-6.1.1.jar:/Users/martindilger/.m2/repository/org/springframework/modulith/spring-modulith-starter-test/1.1.2/spring-modulith-starter-test-1.1.2.jar:/Users/martindilger/.m2/repository/org/springframework/modulith/spring-modulith-test/1.1.2/spring-modulith-test-1.1.2.jar:/Users/martindilger/.m2/repository/org/springframework/modulith/spring-modulith-docs/1.1.2/spring-modulith-docs-1.1.2.jar:/Users/martindilger/.m2/repository/com/structurizr/structurizr-core/1.18.0/structurizr-core-1.18.0.jar:/Users/martindilger/.m2/repository/commons-logging/commons-logging/1.2/commons-logging-1.2.jar:/Users/martindilger/.m2/repository/com/structurizr/structurizr-plantuml/1.6.3/structurizr-plantuml-1.6.3.jar:/Users/martindilger/.m2/repository/com/structurizr/structurizr-export/1.8.3/structurizr-export-1.8.3.jar:/Users/martindilger/.m2/repository/org/flywaydb/flyway-core/9.22.3/flyway-core-9.22.3.jar:/Users/martindilger/.m2/repository/com/fasterxml/jackson/dataformat/jackson-dataformat-toml/2.15.3/jackson-dataformat-toml-2.15.3.jar:/Users/martindilger/.m2/repository/com/google/code/gson/gson/2.10.1/gson-2.10.1.jar:/Users/martindilger/.m2/repository/org/awaitility/awaitility/4.2.0/awaitility-4.2.0.jar:/Users/martindilger/.m2/repository/org/testcontainers/testcontainers/1.19.3/testcontainers-1.19.3.jar:/Users/martindilger/.m2/repository/junit/junit/4.13.2/junit-4.13.2.jar:/Users/martindilger/.m2/repository/org/hamcrest/hamcrest-core/2.2/hamcrest-core-2.2.jar:/Users/martindilger/.m2/repository/org/apache/commons/commons-compress/1.24.0/commons-compress-1.24.0.jar:/Users/martindilger/.m2/repository/org/rnorth/duct-tape/duct-tape/1.0.8/duct-tape-1.0.8.jar:/Users/martindilger/.m2/repository/com/github/docker-java/docker-java-api/3.3.4/docker-java-api-3.3.4.jar:/Users/martindilger/.m2/repository/com/github/docker-java/docker-java-transport-zerodep/3.3.4/docker-java-transport-zerodep-3.3.4.jar:/Users/martindilger/.m2/repository/com/github/docker-java/docker-java-transport/3.3.4/docker-java-transport-3.3.4.jar:/Users/martindilger/.m2/repository/net/java/dev/jna/jna/5.13.0/jna-5.13.0.jar:/Users/martindilger/.m2/repository/org/testcontainers/postgresql/1.19.3/postgresql-1.19.3.jar:/Users/martindilger/.m2/repository/org/testcontainers/jdbc/1.19.3/jdbc-1.19.3.jar:/Users/martindilger/.m2/repository/org/testcontainers/database-commons/1.19.3/database-commons-1.19.3.jar:/Users/martindilger/.m2/repository/org/testcontainers/junit-jupiter/1.19.3/junit-jupiter-1.19.3.jar:/Users/martindilger/.m2/repository/org/testcontainers/kafka/1.19.3/kafka-1.19.3.jar:/Users/martindilger/.m2/repository/org/springframework/kafka/spring-kafka-test/3.1.0/spring-kafka-test-3.1.0.jar:/Users/martindilger/.m2/repository/org/springframework/retry/spring-retry/2.0.4/spring-retry-2.0.4.jar:/Users/martindilger/.m2/repository/org/apache/zookeeper/zookeeper/3.8.3/zookeeper-3.8.3.jar:/Users/martindilger/.m2/repository/org/apache/zookeeper/zookeeper-jute/3.8.3/zookeeper-jute-3.8.3.jar:/Users/martindilger/.m2/repository/org/apache/yetus/audience-annotations/0.12.0/audience-annotations-0.12.0.jar:/Users/martindilger/.m2/repository/io/netty/netty-handler/4.1.101.Final/netty-handler-4.1.101.Final.jar:/Users/martindilger/.m2/repository/io/netty/netty-common/4.1.101.Final/netty-common-4.1.101.Final.jar:/Users/martindilger/.m2/repository/io/netty/netty-resolver/4.1.101.Final/netty-resolver-4.1.101.Final.jar:/Users/martindilger/.m2/repository/io/netty/netty-buffer/4.1.101.Final/netty-buffer-4.1.101.Final.jar:/Users/martindilger/.m2/repository/io/netty/netty-transport/4.1.101.Final/netty-transport-4.1.101.Final.jar:/Users/martindilger/.m2/repository/io/netty/netty-transport-native-unix-common/4.1.101.Final/netty-transport-native-unix-common-4.1.101.Final.jar:/Users/martindilger/.m2/repository/io/netty/netty-codec/4.1.101.Final/netty-codec-4.1.101.Final.jar:/Users/martindilger/.m2/repository/io/netty/netty-transport-native-epoll/4.1.101.Final/netty-transport-native-epoll-4.1.101.Final.jar:/Users/martindilger/.m2/repository/io/netty/netty-transport-classes-epoll/4.1.101.Final/netty-transport-classes-epoll-4.1.101.Final.jar:/Users/martindilger/.m2/repository/ch/qos/logback/logback-core/1.4.11/logback-core-1.4.11.jar:/Users/martindilger/.m2/repository/ch/qos/logback/logback-classic/1.4.11/logback-classic-1.4.11.jar:/Users/martindilger/.m2/repository/commons-io/commons-io/2.11.0/commons-io-2.11.0.jar:/Users/martindilger/.m2/repository/org/apache/kafka/kafka-clients/3.6.0/kafka-clients-3.6.0-test.jar:/Users/martindilger/.m2/repository/com/github/luben/zstd-jni/1.5.5-1/zstd-jni-1.5.5-1.jar:/Users/martindilger/.m2/repository/org/lz4/lz4-java/1.8.0/lz4-java-1.8.0.jar:/Users/martindilger/.m2/repository/org/xerial/snappy/snappy-java/1.1.10.4/snappy-java-1.1.10.4.jar:/Users/martindilger/.m2/repository/org/apache/kafka/kafka-metadata/3.6.0/kafka-metadata-3.6.0.jar:/Users/martindilger/.m2/repository/org/apache/kafka/kafka-clients/3.6.0/kafka-clients-3.6.0.jar:/Users/martindilger/.m2/repository/org/apache/kafka/kafka-raft/3.6.0/kafka-raft-3.6.0.jar:/Users/martindilger/.m2/repository/com/yammer/metrics/metrics-core/2.2.0/metrics-core-2.2.0.jar:/Users/martindilger/.m2/repository/org/apache/kafka/kafka-server-common/3.6.0/kafka-server-common-3.6.0.jar:/Users/martindilger/.m2/repository/net/sf/jopt-simple/jopt-simple/5.0.4/jopt-simple-5.0.4.jar:/Users/martindilger/.m2/repository/org/pcollections/pcollections/4.0.1/pcollections-4.0.1.jar:/Users/martindilger/.m2/repository/org/apache/kafka/kafka-server-common/3.6.0/kafka-server-common-3.6.0-test.jar:/Users/martindilger/.m2/repository/org/apache/kafka/kafka-streams-test-utils/3.6.0/kafka-streams-test-utils-3.6.0.jar:/Users/martindilger/.m2/repository/org/apache/kafka/kafka-streams/3.6.0/kafka-streams-3.6.0.jar:/Users/martindilger/.m2/repository/org/rocksdb/rocksdbjni/7.9.2/rocksdbjni-7.9.2.jar:/Users/martindilger/.m2/repository/org/apache/kafka/kafka_2.13/3.6.0/kafka_2.13-3.6.0.jar:/Users/martindilger/.m2/repository/org/scala-lang/scala-library/2.13.11/scala-library-2.13.11.jar:/Users/martindilger/.m2/repository/org/apache/kafka/kafka-group-coordinator/3.6.0/kafka-group-coordinator-3.6.0.jar:/Users/martindilger/.m2/repository/org/apache/kafka/kafka-storage-api/3.6.0/kafka-storage-api-3.6.0.jar:/Users/martindilger/.m2/repository/org/apache/kafka/kafka-tools-api/3.6.0/kafka-tools-api-3.6.0.jar:/Users/martindilger/.m2/repository/org/apache/kafka/kafka-storage/3.6.0/kafka-storage-3.6.0.jar:/Users/martindilger/.m2/repository/com/github/ben-manes/caffeine/caffeine/3.1.8/caffeine-3.1.8.jar:/Users/martindilger/.m2/repository/com/google/errorprone/error_prone_annotations/2.21.1/error_prone_annotations-2.21.1.jar:/Users/martindilger/.m2/repository/net/sourceforge/argparse4j/argparse4j/0.7.0/argparse4j-0.7.0.jar:/Users/martindilger/.m2/repository/commons-validator/commons-validator/1.7/commons-validator-1.7.jar:/Users/martindilger/.m2/repository/commons-beanutils/commons-beanutils/1.9.4/commons-beanutils-1.9.4.jar:/Users/martindilger/.m2/repository/commons-digester/commons-digester/2.1/commons-digester-2.1.jar:/Users/martindilger/.m2/repository/commons-collections/commons-collections/3.2.2/commons-collections-3.2.2.jar:/Users/martindilger/.m2/repository/com/fasterxml/jackson/module/jackson-module-scala_2.13/2.15.3/jackson-module-scala_2.13-2.15.3.jar:/Users/martindilger/.m2/repository/com/thoughtworks/paranamer/paranamer/2.8/paranamer-2.8.jar:/Users/martindilger/.m2/repository/com/fasterxml/jackson/dataformat/jackson-dataformat-csv/2.15.3/jackson-dataformat-csv-2.15.3.jar:/Users/martindilger/.m2/repository/org/bitbucket/b_c/jose4j/0.9.3/jose4j-0.9.3.jar:/Users/martindilger/.m2/repository/org/scala-lang/modules/scala-collection-compat_2.13/2.10.0/scala-collection-compat_2.13-2.10.0.jar:/Users/martindilger/.m2/repository/org/scala-lang/modules/scala-java8-compat_2.13/1.0.2/scala-java8-compat_2.13-1.0.2.jar:/Users/martindilger/.m2/repository/org/scala-lang/scala-reflect/2.13.11/scala-reflect-2.13.11.jar:/Users/martindilger/.m2/repository/com/typesafe/scala-logging/scala-logging_2.13/3.9.4/scala-logging_2.13-3.9.4.jar:/Users/martindilger/.m2/repository/io/dropwizard/metrics/metrics-core/4.2.22/metrics-core-4.2.22.jar:/Users/martindilger/.m2/repository/commons-cli/commons-cli/1.4/commons-cli-1.4.jar:/Users/martindilger/.m2/repository/org/apache/kafka/kafka_2.13/3.6.0/kafka_2.13-3.6.0-test.jar:/Users/martindilger/.m2/repository/org/junit/jupiter/junit-jupiter-api/5.10.1/junit-jupiter-api-5.10.1.jar:/Users/martindilger/.m2/repository/org/opentest4j/opentest4j/1.3.0/opentest4j-1.3.0.jar:/Users/martindilger/.m2/repository/org/junit/platform/junit-platform-commons/1.10.1/junit-platform-commons-1.10.1.jar:/Users/martindilger/.m2/repository/org/apiguardian/apiguardian-api/1.1.2/apiguardian-api-1.1.2.jar:/Users/martindilger/.m2/repository/org/junit/platform/junit-platform-launcher/1.10.1/junit-platform-launcher-1.10.1.jar:/Users/martindilger/.m2/repository/org/junit/platform/junit-platform-engine/1.10.1/junit-platform-engine-1.10.1.jar:/Users/martindilger/.m2/repository/com/google/code/findbugs/jsr305/3.0.2/jsr305-3.0.2.jar:/Users/martindilger/.m2/repository/io/mockk/mockk/1.13.5/mockk-1.13.5.jar:/Users/martindilger/.m2/repository/io/mockk/mockk-dsl/1.13.5/mockk-dsl-1.13.5.jar:/Users/martindilger/.m2/repository/io/mockk/mockk-agent/1.13.5/mockk-agent-1.13.5.jar:/Users/martindilger/.m2/repository/io/mockk/mockk-agent-api/1.13.5/mockk-agent-api-1.13.5.jar:/Users/martindilger/.m2/repository/io/mockk/mockk-core/1.13.5/mockk-core-1.13.5.jar:/Users/martindilger/.m2/repository/com/ninja-squad/springmockk/4.0.2/springmockk-4.0.2.jar:/Users/martindilger/.m2/repository/io/mockk/mockk-jvm/1.13.3/mockk-jvm-1.13.3.jar:/Users/martindilger/.m2/repository/io/mockk/mockk-dsl-jvm/1.13.3/mockk-dsl-jvm-1.13.3.jar:/Users/martindilger/.m2/repository/io/mockk/mockk-agent-jvm/1.13.3/mockk-agent-jvm-1.13.3.jar:/Users/martindilger/.m2/repository/io/mockk/mockk-agent-api-jvm/1.13.3/mockk-agent-api-jvm-1.13.3.jar:/Users/martindilger/.m2/repository/io/mockk/mockk-core-jvm/1.13.3/mockk-core-jvm-1.13.3.jar:/Users/martindilger/.m2/repository/org/jetbrains/kotlinx/kotlinx-coroutines-core/1.7.3/kotlinx-coroutines-core-1.7.3.jar:/Users/martindilger/.m2/repository/org/jetbrains/kotlinx/kotlinx-coroutines-core-jvm/1.7.3/kotlinx-coroutines-core-jvm-1.7.3.jar:"/>
    <property name="sun.cpu.endian" value="little"/>
    <property name="user.home" value="/Users/martindilger"/>
    <property name="user.language" value="de"/>
    <property name="java.specification.vendor" value="Oracle Corporation"/>
    <property name="java.version.date" value="2023-01-17"/>
    <property name="java.home" value="/Users/martindilger/Library/Java/JavaVirtualMachines/openjdk-19.0.2/Contents/Home"/>
    <property name="file.separator" value="/"/>
    <property name="basedir" value="/Users/martindilger/development/git/sources/generator-spring-boot/ToDo"/>
    <property name="java.vm.compressedOopsMode" value="Zero based"/>
    <property name="line.separator" value="&#10;"/>
    <property name="java.vm.specification.vendor" value="Oracle Corporation"/>
    <property name="java.specification.name" value="Java Platform API Specification"/>
    <property name="apple.awt.application.name" value="ForkedBooter"/>
    <property name="surefire.real.class.path" value="/Users/martindilger/development/git/sources/generator-spring-boot/ToDo/target/surefire/surefirebooter-20240308075917669_3.jar"/>
    <property name="sun.management.compiler" value="HotSpot 64-Bit Tiered Compilers"/>
    <property name="ftp.nonProxyHosts" value="local|*.local|169.254/16|*.169.254/16"/>
    <property name="java.runtime.version" value="19.0.2+7-44"/>
    <property name="user.name" value="martindilger"/>
    <property name="stdout.encoding" value="UTF-8"/>
    <property name="path.separator" value=":"/>
    <property name="os.version" value="12.6"/>
    <property name="java.runtime.name" value="OpenJDK Runtime Environment"/>
    <property name="file.encoding" value="UTF-8"/>
    <property name="java.vm.name" value="OpenJDK 64-Bit Server VM"/>
    <property name="localRepository" value="/Users/martindilger/.m2/repository"/>
    <property name="java.vendor.url.bug" value="https://bugreport.java.com/bugreport/"/>
    <property name="java.io.tmpdir" value="/var/folders/mq/7q71vnpj4l94xtj7hygqmrwr0000gn/T/"/>
    <property name="java.version" value="19.0.2"/>
    <property name="user.dir" value="/Users/martindilger/development/git/sources/generator-spring-boot/ToDo"/>
    <property name="os.arch" value="aarch64"/>
    <property name="java.vm.specification.name" value="Java Virtual Machine Specification"/>
    <property name="native.encoding" value="UTF-8"/>
    <property name="java.library.path" value="/Users/martindilger/Library/Java/Extensions:/Library/Java/Extensions:/Network/Library/Java/Extensions:/System/Library/Java/Extensions:/usr/lib/java:."/>
    <property name="java.vm.info" value="mixed mode, sharing"/>
    <property name="stderr.encoding" value="UTF-8"/>
    <property name="java.vendor" value="Oracle Corporation"/>
    <property name="java.vm.version" value="19.0.2+7-44"/>
    <property name="sun.io.unicode.encoding" value="UnicodeBig"/>
    <property name="socksNonProxyHosts" value="local|*.local|169.254/16|*.169.254/16"/>
    <property name="java.class.version" value="63.0"/>
  </properties>
  <testcase name="verifyModules" classname="de.nebulit.todo.ModuleTest" time="0.864">
    <error message="- Cycle detected: Slice domain -&gt; &#10;                Slice slices -&gt; &#10;                Slice domain&#10;  1. Dependencies of Slice domain&#10;    - Method &lt;de.nebulit.todo.domain.TodoAggregate.handle(de.nebulit.todo.slices.addtodo.AddTodoCommand)&gt; has parameter of type &lt;de.nebulit.todo.slices.addtodo.AddTodoCommand&gt; in (TodoAggregate.kt:0)&#10;    - Method &lt;de.nebulit.todo.domain.TodoAggregate.handle(de.nebulit.todo.slices.resolvetodo.CloseTodoCommand)&gt; has parameter of type &lt;de.nebulit.todo.slices.resolvetodo.CloseTodoCommand&gt; in (TodoAggregate.kt:0)&#10;  2. Dependencies of Slice slices&#10;    - Class &lt;de.nebulit.todo.slices.addtodo.AddTodoCommandCommandHandler&gt; has generic superclass &lt;de.nebulit.todo.common.BaseCommandHandler&lt;de.nebulit.todo.domain.TodoAggregate&gt;&gt; with type argument depending on &lt;de.nebulit.todo.domain.TodoAggregate&gt; in (AddTodoCommandHandler.kt:0)&#10;    - Class &lt;de.nebulit.todo.slices.resolvetodo.CloseTodoCommandCommandHandler&gt; has generic superclass &lt;de.nebulit.todo.common.BaseCommandHandler&lt;de.nebulit.todo.domain.TodoAggregate&gt;&gt; with type argument depending on &lt;de.nebulit.todo.domain.TodoAggregate&gt; in (CloseTodoCommandHandler.kt:0)&#10;    - Constructor &lt;de.nebulit.todo.slices.addtodo.AddTodoCommandCommandHandler.&lt;init&gt;(de.nebulit.todo.common.AggregateService)&gt; has generic parameter type &lt;de.nebulit.todo.common.AggregateService&lt;de.nebulit.todo.domain.TodoAggregate&gt;&gt; with type argument depending on &lt;de.nebulit.todo.domain.TodoAggregate&gt; in (AddTodoCommandHandler.kt:0)&#10;    - Constructor &lt;de.nebulit.todo.slices.resolvetodo.CloseTodoCommandCommandHandler.&lt;init&gt;(de.nebulit.todo.common.AggregateService)&gt; has generic parameter type &lt;de.nebulit.todo.common.AggregateService&lt;de.nebulit.todo.domain.TodoAggregate&gt;&gt; with type argument depending on &lt;de.nebulit.todo.domain.TodoAggregate&gt; in (CloseTodoCommandHandler.kt:0)&#10;    - Field &lt;de.nebulit.todo.slices.addtodo.AddTodoCommandCommandHandler.aggregateService&gt; has generic type &lt;de.nebulit.todo.common.AggregateService&lt;de.nebulit.todo.domain.TodoAggregate&gt;&gt; with type argument depending on &lt;de.nebulit.todo.domain.TodoAggregate&gt; in (AddTodoCommandHandler.kt:0)&#10;    - Field &lt;de.nebulit.todo.slices.resolvetodo.CloseTodoCommandCommandHandler.aggregateService&gt; has generic type &lt;de.nebulit.todo.common.AggregateService&lt;de.nebulit.todo.domain.TodoAggregate&gt;&gt; with type argument depending on &lt;de.nebulit.todo.domain.TodoAggregate&gt; in (CloseTodoCommandHandler.kt:0)&#10;    - Method &lt;de.nebulit.todo.slices.addtodo.AddTodoCommandCommandHandler.handle(de.nebulit.todo.common.Command)&gt; calls method &lt;de.nebulit.todo.domain.TodoAggregate.handle(de.nebulit.todo.slices.addtodo.AddTodoCommand)&gt; in (AddTodoCommandHandler.kt:17)&#10;    - Method &lt;de.nebulit.todo.slices.resolvetodo.CloseTodoCommandCommandHandler.handle(de.nebulit.todo.common.Command)&gt; calls method &lt;de.nebulit.todo.domain.TodoAggregate.handle(de.nebulit.todo.slices.resolvetodo.CloseTodoCommand)&gt; in (CloseTodoCommandHandler.kt:17)&#10;    - Method &lt;de.nebulit.todo.slices.addtodo.AddTodoCommandCommandHandler.handle(de.nebulit.todo.common.Command)&gt; calls method &lt;de.nebulit.todo.domain.TodoAggregate.getEvents()&gt; in (AddTodoCommandHandler.kt:19)&#10;    - Method &lt;de.nebulit.todo.slices.resolvetodo.CloseTodoCommandCommandHandler.handle(de.nebulit.todo.common.Command)&gt; calls method &lt;de.nebulit.todo.domain.TodoAggregate.getEvents()&gt; in (CloseTodoCommandHandler.kt:19)&#10;- Module &apos;domain&apos; depends on non-exposed type de.nebulit.todo.slices.addtodo.AddTodoCommand within module &apos;slices&apos;!&#10;AddTodoCommand declares parameter AddTodoCommand.handle(AddTodoCommand) in (TodoAggregate.kt:0)&#10;- Module &apos;domain&apos; depends on non-exposed type de.nebulit.todo.slices.resolvetodo.CloseTodoCommand within module &apos;slices&apos;!&#10;CloseTodoCommand declares parameter CloseTodoCommand.handle(CloseTodoCommand) in (TodoAggregate.kt:0)&#10;- Module &apos;domain&apos; depends on non-exposed type de.nebulit.todo.slices.addtodo.AddTodoCommand within module &apos;slices&apos;!&#10;Method &lt;de.nebulit.todo.domain.TodoAggregate.handle(de.nebulit.todo.slices.addtodo.AddTodoCommand)&gt; has parameter of type &lt;de.nebulit.todo.slices.addtodo.AddTodoCommand&gt; in (TodoAggregate.kt:0)&#10;- Module &apos;domain&apos; depends on non-exposed type de.nebulit.todo.slices.resolvetodo.CloseTodoCommand within module &apos;slices&apos;!&#10;Method &lt;de.nebulit.todo.domain.TodoAggregate.handle(de.nebulit.todo.slices.resolvetodo.CloseTodoCommand)&gt; has parameter of type &lt;de.nebulit.todo.slices.resolvetodo.CloseTodoCommand&gt; in (TodoAggregate.kt:0)" type="org.springframework.modulith.core.Violations"><![CDATA[org.springframework.modulith.core.Violations: 
- Cycle detected: Slice domain -> 
                Slice slices -> 
                Slice domain
  1. Dependencies of Slice domain
    - Method <de.nebulit.todo.domain.TodoAggregate.handle(de.nebulit.todo.slices.addtodo.AddTodoCommand)> has parameter of type <de.nebulit.todo.slices.addtodo.AddTodoCommand> in (TodoAggregate.kt:0)
    - Method <de.nebulit.todo.domain.TodoAggregate.handle(de.nebulit.todo.slices.resolvetodo.CloseTodoCommand)> has parameter of type <de.nebulit.todo.slices.resolvetodo.CloseTodoCommand> in (TodoAggregate.kt:0)
  2. Dependencies of Slice slices
    - Class <de.nebulit.todo.slices.addtodo.AddTodoCommandCommandHandler> has generic superclass <de.nebulit.todo.common.BaseCommandHandler<de.nebulit.todo.domain.TodoAggregate>> with type argument depending on <de.nebulit.todo.domain.TodoAggregate> in (AddTodoCommandHandler.kt:0)
    - Class <de.nebulit.todo.slices.resolvetodo.CloseTodoCommandCommandHandler> has generic superclass <de.nebulit.todo.common.BaseCommandHandler<de.nebulit.todo.domain.TodoAggregate>> with type argument depending on <de.nebulit.todo.domain.TodoAggregate> in (CloseTodoCommandHandler.kt:0)
    - Constructor <de.nebulit.todo.slices.addtodo.AddTodoCommandCommandHandler.<init>(de.nebulit.todo.common.AggregateService)> has generic parameter type <de.nebulit.todo.common.AggregateService<de.nebulit.todo.domain.TodoAggregate>> with type argument depending on <de.nebulit.todo.domain.TodoAggregate> in (AddTodoCommandHandler.kt:0)
    - Constructor <de.nebulit.todo.slices.resolvetodo.CloseTodoCommandCommandHandler.<init>(de.nebulit.todo.common.AggregateService)> has generic parameter type <de.nebulit.todo.common.AggregateService<de.nebulit.todo.domain.TodoAggregate>> with type argument depending on <de.nebulit.todo.domain.TodoAggregate> in (CloseTodoCommandHandler.kt:0)
    - Field <de.nebulit.todo.slices.addtodo.AddTodoCommandCommandHandler.aggregateService> has generic type <de.nebulit.todo.common.AggregateService<de.nebulit.todo.domain.TodoAggregate>> with type argument depending on <de.nebulit.todo.domain.TodoAggregate> in (AddTodoCommandHandler.kt:0)
    - Field <de.nebulit.todo.slices.resolvetodo.CloseTodoCommandCommandHandler.aggregateService> has generic type <de.nebulit.todo.common.AggregateService<de.nebulit.todo.domain.TodoAggregate>> with type argument depending on <de.nebulit.todo.domain.TodoAggregate> in (CloseTodoCommandHandler.kt:0)
    - Method <de.nebulit.todo.slices.addtodo.AddTodoCommandCommandHandler.handle(de.nebulit.todo.common.Command)> calls method <de.nebulit.todo.domain.TodoAggregate.handle(de.nebulit.todo.slices.addtodo.AddTodoCommand)> in (AddTodoCommandHandler.kt:17)
    - Method <de.nebulit.todo.slices.resolvetodo.CloseTodoCommandCommandHandler.handle(de.nebulit.todo.common.Command)> calls method <de.nebulit.todo.domain.TodoAggregate.handle(de.nebulit.todo.slices.resolvetodo.CloseTodoCommand)> in (CloseTodoCommandHandler.kt:17)
    - Method <de.nebulit.todo.slices.addtodo.AddTodoCommandCommandHandler.handle(de.nebulit.todo.common.Command)> calls method <de.nebulit.todo.domain.TodoAggregate.getEvents()> in (AddTodoCommandHandler.kt:19)
    - Method <de.nebulit.todo.slices.resolvetodo.CloseTodoCommandCommandHandler.handle(de.nebulit.todo.common.Command)> calls method <de.nebulit.todo.domain.TodoAggregate.getEvents()> in (CloseTodoCommandHandler.kt:19)
- Module 'domain' depends on non-exposed type de.nebulit.todo.slices.addtodo.AddTodoCommand within module 'slices'!
AddTodoCommand declares parameter AddTodoCommand.handle(AddTodoCommand) in (TodoAggregate.kt:0)
- Module 'domain' depends on non-exposed type de.nebulit.todo.slices.resolvetodo.CloseTodoCommand within module 'slices'!
CloseTodoCommand declares parameter CloseTodoCommand.handle(CloseTodoCommand) in (TodoAggregate.kt:0)
- Module 'domain' depends on non-exposed type de.nebulit.todo.slices.addtodo.AddTodoCommand within module 'slices'!
Method <de.nebulit.todo.domain.TodoAggregate.handle(de.nebulit.todo.slices.addtodo.AddTodoCommand)> has parameter of type <de.nebulit.todo.slices.addtodo.AddTodoCommand> in (TodoAggregate.kt:0)
- Module 'domain' depends on non-exposed type de.nebulit.todo.slices.resolvetodo.CloseTodoCommand within module 'slices'!
Method <de.nebulit.todo.domain.TodoAggregate.handle(de.nebulit.todo.slices.resolvetodo.CloseTodoCommand)> has parameter of type <de.nebulit.todo.slices.resolvetodo.CloseTodoCommand> in (TodoAggregate.kt:0)
	at org.springframework.modulith.core.Violations.and(Violations.java:128)
	at java.base/java.util.stream.ReduceOps$1ReducingSink.accept(ReduceOps.java:80)
	at java.base/java.util.stream.ReferencePipeline$3$1.accept(ReferencePipeline.java:197)
	at java.base/java.util.HashMap$ValueSpliterator.forEachRemaining(HashMap.java:1787)
	at java.base/java.util.stream.Streams$ConcatSpliterator.forEachRemaining(Streams.java:735)
	at java.base/java.util.stream.AbstractPipeline.copyInto(AbstractPipeline.java:509)
	at java.base/java.util.stream.AbstractPipeline.wrapAndCopyInto(AbstractPipeline.java:499)
	at java.base/java.util.stream.ReduceOps$ReduceOp.evaluateSequential(ReduceOps.java:921)
	at java.base/java.util.stream.AbstractPipeline.evaluate(AbstractPipeline.java:234)
	at java.base/java.util.stream.ReferencePipeline.reduce(ReferencePipeline.java:657)
	at org.springframework.modulith.core.ApplicationModules.detectViolations(ApplicationModules.java:404)
	at org.springframework.modulith.core.ApplicationModules.verify(ApplicationModules.java:369)
	at de.nebulit.todo.ModuleTest.verifyModules(ModuleTest.kt:13)
	at java.base/java.lang.reflect.Method.invoke(Method.java:578)
	at java.base/java.util.ArrayList.forEach(ArrayList.java:1511)
	at java.base/java.util.ArrayList.forEach(ArrayList.java:1511)
]]></error>
    <system-out><![CDATA[07:59:18.076 [main] INFO com.tngtech.archunit.core.PluginLoader -- Detected Java version 19.0.2
]]></system-out>
  </testcase>
</testsuite>